TN:
SF:src/plugins/get-age.plugin.ts
FN:3,getAge
FNF:1
FNH:1
FNDA:4,getAge
DA:1,1
DA:2,1
DA:3,1
DA:4,4
DA:5,4
DA:6,4
DA:7,4
LF:7
LH:7
BRDA:3,0,0,4
BRF:1
BRH:1
end_of_record
TN:
SF:src/plugins/http-client.plugin.ts
FN:4,get
FN:9,post
FN:12,put
FN:15,delete
FNF:4
FNH:1
FNDA:3,get
FNDA:0,post
FNDA:0,put
FNDA:0,delete
DA:1,1
DA:2,1
DA:3,1
DA:4,1
DA:5,3
DA:6,2
DA:7,3
DA:8,1
DA:9,1
DA:10,0
DA:11,0
DA:12,1
DA:13,0
DA:14,0
DA:15,1
DA:16,0
DA:17,0
DA:18,1
LF:18
LH:12
BRDA:4,0,0,3
BRDA:4,1,0,3
BRDA:6,2,0,2
BRF:3
BRH:3
end_of_record
TN:
SF:src/plugins/index.ts
FN:1,get
FN:2,get
FN:3,get
FN:4,get
FN:4,get
FNF:5
FNH:5
FNDA:5,get
FNDA:3,get
FNDA:7,get
FNDA:2,get
FNDA:1,get
DA:1,1
DA:2,1
DA:3,1
DA:4,1
LF:4
LH:4
BRDA:1,0,0,5
BRDA:2,1,0,3
BRDA:3,2,0,7
BRDA:4,3,0,2
BRDA:4,4,0,1
BRF:5
BRH:5
end_of_record
TN:
SF:src/plugins/logger.plugin.ts
FN:25,buildLogger
FN:27,log
FN:30,error
FNF:3
FNH:2
FNDA:2,buildLogger
FNDA:1,log
FNDA:0,error
DA:1,1
DA:2,1
DA:3,1
DA:4,1
DA:5,1
DA:6,1
DA:7,1
DA:8,1
DA:9,1
DA:10,1
DA:11,1
DA:12,1
DA:13,1
DA:14,1
DA:15,1
DA:16,1
DA:17,1
DA:18,1
DA:19,1
DA:20,1
DA:21,1
DA:22,1
DA:23,1
DA:24,1
DA:25,1
DA:26,2
DA:27,2
DA:28,1
DA:29,2
DA:30,2
DA:31,0
DA:32,0
DA:33,0
DA:34,0
DA:35,2
DA:36,2
DA:37,2
LF:37
LH:33
BRDA:25,0,0,2
BRDA:27,1,0,1
BRF:2
BRH:2
end_of_record
