TN:
SF:src/app.ts
FN:8,main
FNF:1
FNH:1
FNDA:1,main
DA:1,1
DA:2,1
DA:3,1
DA:4,1
DA:5,1
DA:6,1
DA:7,1
DA:8,1
DA:9,1
DA:10,1
DA:11,1
DA:12,1
DA:13,1
DA:14,1
DA:15,1
DA:16,1
DA:17,1
DA:18,1
LF:18
LH:18
BRDA:4,0,0,1
BRDA:4,1,0,1
BRDA:8,2,0,1
BRF:3
BRH:3
end_of_record
TN:
SF:src/domain/use-cases/create-table.use-case.ts
FN:14,CreateTable
FN:16,execute
FNF:2
FNH:1
FNDA:1,CreateTable
FNDA:0,execute
DA:1,1
DA:2,1
DA:3,1
DA:4,1
DA:5,1
DA:6,1
DA:7,1
DA:8,1
DA:9,1
DA:10,1
DA:11,1
DA:12,1
DA:13,1
DA:14,1
DA:15,1
DA:16,1
DA:17,0
DA:18,0
DA:19,0
DA:20,0
DA:21,0
DA:22,0
DA:23,0
DA:24,0
DA:25,1
LF:25
LH:17
BRDA:14,0,0,1
BRF:1
BRH:1
end_of_record
TN:
SF:src/domain/use-cases/save-file.use-case.ts
FN:14,SaveFileUseCase
FN:16,execute
FNF:2
FNH:1
FNDA:1,SaveFileUseCase
FNDA:0,execute
DA:1,1
DA:2,1
DA:3,1
DA:4,1
DA:5,1
DA:6,1
DA:7,1
DA:8,1
DA:9,1
DA:10,1
DA:11,1
DA:12,1
DA:13,1
DA:14,1
DA:15,1
DA:16,1
DA:17,0
DA:18,0
DA:19,0
DA:20,0
DA:21,0
DA:22,0
DA:23,0
DA:24,0
DA:25,0
DA:26,0
DA:27,0
DA:28,0
DA:29,0
DA:30,0
DA:31,1
LF:31
LH:17
BRDA:14,0,0,1
BRF:1
BRH:1
end_of_record
TN:
SF:src/plugins/args.plugins.ts
FNF:0
FNH:0
DA:1,1
DA:2,1
DA:3,1
DA:4,1
DA:5,1
DA:6,1
DA:7,1
DA:8,1
DA:9,1
DA:10,1
DA:11,1
DA:12,1
DA:13,1
DA:14,1
DA:15,1
DA:16,1
DA:17,1
DA:18,1
DA:19,1
DA:20,1
DA:21,1
DA:22,1
DA:23,1
DA:24,1
DA:25,1
DA:26,1
DA:27,1
DA:28,1
DA:29,1
DA:30,1
DA:31,1
DA:32,1
DA:33,1
DA:34,1
DA:35,1
DA:36,3
DA:37,0
DA:38,0
DA:39,3
DA:40,3
DA:41,3
DA:42,1
LF:42
LH:40
BRDA:35,0,0,3
BRDA:36,1,0,0
BRF:2
BRH:1
end_of_record
TN:
SF:src/presentation/server-app.ts
FN:13,run
FNF:1
FNH:1
FNDA:1,run
DA:1,1
DA:2,1
DA:3,1
DA:4,1
DA:5,1
DA:6,1
DA:7,1
DA:8,1
DA:9,1
DA:10,1
DA:11,1
DA:12,1
DA:13,1
DA:14,1
DA:15,1
DA:16,1
DA:17,1
DA:18,1
DA:19,1
DA:20,1
DA:21,1
DA:22,1
DA:23,1
DA:24,1
DA:25,1
DA:26,0
DA:27,0
DA:28,1
DA:29,1
DA:30,0
DA:31,0
DA:32,1
DA:33,1
LF:33
LH:29
BRDA:13,0,0,1
BRDA:25,1,0,0
BRDA:29,2,0,0
BRF:3
BRH:1
end_of_record
